<?xml version="1.0" encoding="UTF-8"?>
<!-- Generated by org.testng.reporters.JUnitReportReporter -->
<testsuite name="com.apple.practice.tests.TestSearchStringAandReplace" tests="4" time="0.031" ignored="0" failures="0" timestamp="21 Mar 2017 13:04:58 GMT" skipped="0" hostname="lsgoli" errors="0">
  <testcase name="TestPositiveScenarioes" time="0.001" classname="com.apple.practice.tests.TestSearchStringAandReplace"/>
  <testcase name="TestPositiveScenarioes" time="0.028" classname="com.apple.practice.tests.TestSearchStringAandReplace"/>
  <testcase name="TestPositiveScenarioes" time="0.001" classname="com.apple.practice.tests.TestSearchStringAandReplace"/>
  <testcase name="TestPositiveScenarioes" time="0.001" classname="com.apple.practice.tests.TestSearchStringAandReplace"/>
</testsuite> <!-- com.apple.practice.tests.TestSearchStringAandReplace -->
